# JRE version: Java(TM) SE Runtime Environment (17.0.5+9) (build 17.0.5+9-LTS-191)
# Java VM: Java HotSpot(TM) 64-Bit Server VM (17.0.5+9-LTS-191, mixed mode, sharing, tiered, compressed oops, compressed class ptrs, g1 gc, windows-amd64)
GC Precious Log:
 CPUs: 4 total, 4 available
 Memory: 24514M
 Large Page Support: Disabled
 NUMA Support: Disabled
 Compressed Oops: Enabled (Zero based)
 Heap Region Size: 4M
 Heap Min Capacity: 8M
 Heap Initial Capacity: 384M
 Heap Max Capacity: 6132M
 Pre-touch: Disabled
 Parallel Workers: 4
 Concurrent Workers: 1
 Concurrent Refinement Workers: 4
 Periodic GC: Disabled
Heap:
 garbage-first heap   total 77824K, used 49560K [0x0000000680c00000, 0x0000000800000000)
  region size 4096K, 5 young (20480K), 1 survivors (4096K)
 Metaspace       used 81282K, committed 81920K, reserved 1122304K
  class space    used 10613K, committed 10944K, reserved 1048576K
GC Heap History (20 events):
Event: 3722.794 GC heap before
{Heap before GC invocations=82 (full 0):
 garbage-first heap   total 77824K, used 57740K [0x0000000680c00000, 0x0000000800000000)
  region size 4096K, 6 young (24576K), 1 survivors (4096K)
 Metaspace       used 81279K, committed 81920K, reserved 1122304K
  class space    used 10611K, committed 10944K, reserved 1048576K
}
Event: 3722.795 GC heap after
{Heap after GC invocations=83 (full 0):
 garbage-first heap   total 77824K, used 37194K [0x0000000680c00000, 0x0000000800000000)
  region size 4096K, 1 young (4096K), 1 survivors (4096K)
 Metaspace       used 81279K, committed 81920K, reserved 1122304K
  class space    used 10611K, committed 10944K, reserved 1048576K
}
Event: 3725.617 GC heap before
{Heap before GC invocations=83 (full 0):
 garbage-first heap   total 77824K, used 57674K [0x0000000680c00000, 0x0000000800000000)
  region size 4096K, 6 young (24576K), 1 survivors (4096K)
 Metaspace       used 81279K, committed 81920K, reserved 1122304K
  class space    used 10611K, committed 10944K, reserved 1048576K
}
Event: 3725.618 GC heap after
{Heap after GC invocations=84 (full 0):
 garbage-first heap   total 77824K, used 37221K [0x0000000680c00000, 0x0000000800000000)
  region size 4096K, 1 young (4096K), 1 survivors (4096K)
 Metaspace       used 81279K, committed 81920K, reserved 1122304K
  class space    used 10611K, committed 10944K, reserved 1048576K
}
Event: 3734.208 GC heap before
{Heap before GC invocations=84 (full 0):
 garbage-first heap   total 77824K, used 57701K [0x0000000680c00000, 0x0000000800000000)
  region size 4096K, 6 young (24576K), 1 survivors (4096K)
 Metaspace       used 81280K, committed 81920K, reserved 1122304K
  class space    used 10612K, committed 10944K, reserved 1048576K
}
Event: 3734.210 GC heap after
{Heap after GC invocations=85 (full 0):
 garbage-first heap   total 77824K, used 37234K [0x0000000680c00000, 0x0000000800000000)
  region size 4096K, 1 young (4096K), 1 survivors (4096K)
 Metaspace       used 81280K, committed 81920K, reserved 1122304K
  class space    used 10612K, committed 10944K, reserved 1048576K
}
Event: 3749.165 GC heap before
{Heap before GC invocations=85 (full 0):
 garbage-first heap   total 77824K, used 57714K [0x0000000680c00000, 0x0000000800000000)
  region size 4096K, 6 young (24576K), 1 survivors (4096K)
 Metaspace       used 81280K, committed 81920K, reserved 1122304K
  class space    used 10612K, committed 10944K, reserved 1048576K
}
Event: 3749.166 GC heap after
{Heap after GC invocations=86 (full 0):
 garbage-first heap   total 77824K, used 37219K [0x0000000680c00000, 0x0000000800000000)
  region size 4096K, 1 young (4096K), 1 survivors (4096K)
 Metaspace       used 81280K, committed 81920K, reserved 1122304K
  class space    used 10612K, committed 10944K, reserved 1048576K
}
Event: 3754.033 GC heap before
{Heap before GC invocations=86 (full 0):
 garbage-first heap   total 77824K, used 57699K [0x0000000680c00000, 0x0000000800000000)
  region size 4096K, 6 young (24576K), 1 survivors (4096K)
 Metaspace       used 81280K, committed 81920K, reserved 1122304K
  class space    used 10612K, committed 10944K, reserved 1048576K
}
Event: 3754.034 GC heap after
{Heap after GC invocations=87 (full 0):
 garbage-first heap   total 77824K, used 37259K [0x0000000680c00000, 0x0000000800000000)
  region size 4096K, 1 young (4096K), 1 survivors (4096K)
 Metaspace       used 81280K, committed 81920K, reserved 1122304K
  class space    used 10612K, committed 10944K, reserved 1048576K
}
Event: 3756.997 GC heap before
{Heap before GC invocations=87 (full 0):
 garbage-first heap   total 77824K, used 57739K [0x0000000680c00000, 0x0000000800000000)
  region size 4096K, 6 young (24576K), 1 survivors (4096K)
 Metaspace       used 81280K, committed 81920K, reserved 1122304K
  class space    used 10612K, committed 10944K, reserved 1048576K
}
Event: 3756.998 GC heap after
{Heap after GC invocations=88 (full 0):
 garbage-first heap   total 77824K, used 37289K [0x0000000680c00000, 0x0000000800000000)
  region size 4096K, 1 young (4096K), 1 survivors (4096K)
 Metaspace       used 81280K, committed 81920K, reserved 1122304K
  class space    used 10612K, committed 10944K, reserved 1048576K
}
Event: 3766.161 GC heap before
{Heap before GC invocations=88 (full 0):
 garbage-first heap   total 77824K, used 57769K [0x0000000680c00000, 0x0000000800000000)
  region size 4096K, 6 young (24576K), 1 survivors (4096K)
 Metaspace       used 81280K, committed 81920K, reserved 1122304K
  class space    used 10612K, committed 10944K, reserved 1048576K
}
Event: 3766.163 GC heap after
{Heap after GC invocations=89 (full 0):
 garbage-first heap   total 77824K, used 37275K [0x0000000680c00000, 0x0000000800000000)
  region size 4096K, 1 young (4096K), 1 survivors (4096K)
 Metaspace       used 81280K, committed 81920K, reserved 1122304K
  class space    used 10612K, committed 10944K, reserved 1048576K
}
Event: 3773.970 GC heap before
{Heap before GC invocations=89 (full 0):
 garbage-first heap   total 77824K, used 57755K [0x0000000680c00000, 0x0000000800000000)
  region size 4096K, 6 young (24576K), 1 survivors (4096K)
 Metaspace       used 81280K, committed 81920K, reserved 1122304K
  class space    used 10612K, committed 10944K, reserved 1048576K
}
Event: 3773.971 GC heap after
{Heap after GC invocations=90 (full 0):
 garbage-first heap   total 77824K, used 37200K [0x0000000680c00000, 0x0000000800000000)
  region size 4096K, 1 young (4096K), 1 survivors (4096K)
 Metaspace       used 81280K, committed 81920K, reserved 1122304K
  class space    used 10612K, committed 10944K, reserved 1048576K
}
Event: 3782.115 GC heap before
{Heap before GC invocations=90 (full 0):
 garbage-first heap   total 77824K, used 57680K [0x0000000680c00000, 0x0000000800000000)
  region size 4096K, 6 young (24576K), 1 survivors (4096K)
 Metaspace       used 81281K, committed 81920K, reserved 1122304K
  class space    used 10613K, committed 10944K, reserved 1048576K
}
Event: 3782.116 GC heap after
{Heap after GC invocations=91 (full 0):
 garbage-first heap   total 77824K, used 37263K [0x0000000680c00000, 0x0000000800000000)
  region size 4096K, 1 young (4096K), 1 survivors (4096K)
 Metaspace       used 81281K, committed 81920K, reserved 1122304K
  class space    used 10613K, committed 10944K, reserved 1048576K
}
Event: 3783.335 GC heap before
{Heap before GC invocations=91 (full 0):
 garbage-first heap   total 77824K, used 57743K [0x0000000680c00000, 0x0000000800000000)
  region size 4096K, 6 young (24576K), 1 survivors (4096K)
 Metaspace       used 81281K, committed 81920K, reserved 1122304K
  class space    used 10613K, committed 10944K, reserved 1048576K
}
Event: 3783.336 GC heap after
{Heap after GC invocations=92 (full 0):
 garbage-first heap   total 77824K, used 37272K [0x0000000680c00000, 0x0000000800000000)
  region size 4096K, 1 young (4096K), 1 survivors (4096K)
 Metaspace       used 81281K, committed 81920K, reserved 1122304K
  class space    used 10613K, committed 10944K, reserved 1048576K
}

